<?xml version="1.0" encoding="UTF-8"?>
<!-- Generated by org.testng.reporters.JUnitReportReporter -->
<testsuite hostname="ABHI" failures="0" tests="1" name="Pratice_Well.ReaddatafromCMD" time="0.034" errors="0" timestamp="2021-11-11T10:23:34 IST" skipped="0">
  <testcase classname="Pratice_Well.ReaddatafromCMD" name="readdatafromCMD" time="0.034"/>
  <system-out/>
</testsuite> <!-- Pratice_Well.ReaddatafromCMD -->
