<?xml version="1.0" encoding="UTF-8"?>
<!-- Generated by org.testng.reporters.JUnitReportReporter -->
<testsuite hostname="ABHI" failures="0" tests="1" name="Pratice_Well.LeadsTest" time="0.026" errors="0" timestamp="2021-11-12T14:46:39 IST" skipped="0">
  <testcase classname="Pratice_Well.LeadsTest" name="leadtest" time="0.026"/>
  <system-out/>
</testsuite> <!-- Pratice_Well.LeadsTest -->
